time="2024-08-22T17:58:01+05:00" level=info msg="start application" func="BookHub/internal/application.Run()" file="app.go:16"
time="2024-08-22T17:58:01+05:00" level=info msg="read application configuration" func="BookHub/internal/config.GetConfig.func1()" file="config.go:33"
time="2024-08-22T17:58:01+05:00" level=fatal msg="error while connecting to database" func="BookHub/internal/application.Run()" file="app.go:21"
time="2024-08-22T18:02:16+05:00" level=info msg="start application" func="BookHub/internal/application.Run()" file="app.go:16"
time="2024-08-22T18:02:16+05:00" level=info msg="read application configuration" func="BookHub/internal/config.GetConfig.func1()" file="config.go:33"
time="2024-08-22T18:02:16+05:00" level=fatal msg="error while connecting to database" func="BookHub/internal/application.Run()" file="app.go:21"
time="2024-08-27T16:08:09+05:00" level=info msg="start application" func="BookHub/internal/application.Run()" file="app.go:16"
time="2024-08-27T16:08:09+05:00" level=info msg="read application configuration" func="BookHub/internal/config.GetConfig.func1()" file="config.go:33"
time="2024-08-27T16:08:09+05:00" level=fatal msg="error while connecting to database" func="BookHub/internal/application.Run()" file="app.go:21"
time="2024-08-27T16:23:48+05:00" level=info msg="start application" func="BookHub/internal/application.Run()" file="app.go:16"
time="2024-08-27T16:23:48+05:00" level=info msg="read application configuration" func="BookHub/internal/config.GetConfig.func1()" file="config.go:33"
time="2024-08-27T16:23:48+05:00" level=fatal msg="error while connecting to database" func="BookHub/internal/application.Run()" file="app.go:21"
time="2024-08-27T16:30:19+05:00" level=info msg="start application" func="BookHub/internal/application.Run()" file="app.go:16"
time="2024-08-27T16:30:19+05:00" level=info msg="read application configuration" func="BookHub/internal/config.GetConfig.func1()" file="config.go:33"
time="2024-08-27T16:30:19+05:00" level=fatal msg="error while connecting to database" func="BookHub/internal/application.Run()" file="app.go:21"
time="2024-08-27T16:30:48+05:00" level=info msg="start application" func="BookHub/internal/application.Run()" file="app.go:16"
time="2024-08-27T16:30:48+05:00" level=info msg="read application configuration" func="BookHub/internal/config.GetConfig.func1()" file="config.go:33"
time="2024-08-27T16:30:48+05:00" level=fatal msg="error while connecting to database" func="BookHub/internal/application.Run()" file="app.go:21"
time="2024-08-27T16:35:03+05:00" level=info msg="start application" func="BookHub/internal/application.Run()" file="app.go:16"
time="2024-08-27T16:35:03+05:00" level=info msg="read application configuration" func="BookHub/internal/config.GetConfig.func1()" file="config.go:33"
time="2024-08-27T16:35:03+05:00" level=fatal msg="error while connecting to database" func="BookHub/internal/application.Run()" file="app.go:22"
time="2024-08-27T16:36:24+05:00" level=info msg="start application" func="BookHub/internal/application.Run()" file="app.go:16"
time="2024-08-27T16:36:24+05:00" level=info msg="read application configuration" func="BookHub/internal/config.GetConfig.func1()" file="config.go:33"
time="2024-08-27T16:36:24+05:00" level=fatal msg="error while connecting to database" func="BookHub/internal/application.Run()" file="app.go:22"
time="2024-08-27T16:38:57+05:00" level=info msg="start application" func="BookHub/internal/application.Run()" file="app.go:16"
time="2024-08-27T16:38:57+05:00" level=info msg="read application configuration" func="BookHub/internal/config.GetConfig.func1()" file="config.go:33"
time="2024-08-27T16:38:57+05:00" level=fatal msg="error while connecting to database" func="BookHub/internal/application.Run()" file="app.go:22"
time="2024-08-27T16:42:29+05:00" level=info msg="start application" func="BookHub/internal/application.Run()" file="app.go:16"
time="2024-08-27T16:42:29+05:00" level=info msg="read application configuration" func="BookHub/internal/config.GetConfig.func1()" file="config.go:33"
time="2024-08-27T16:42:29+05:00" level=fatal msg="error while connecting to database" func="BookHub/internal/application.Run()" file="app.go:22"
time="2024-08-27T16:45:12+05:00" level=info msg="start application" func="BookHub/internal/application.Run()" file="app.go:16"
time="2024-08-27T16:45:12+05:00" level=info msg="read application configuration" func="BookHub/internal/config.GetConfig.func1()" file="config.go:33"
time="2024-08-27T16:45:12+05:00" level=fatal msg="error while connecting to database" func="BookHub/internal/application.Run()" file="app.go:22"
time="2024-08-27T16:47:20+05:00" level=info msg="start application" func="BookHub/internal/application.Run()" file="app.go:16"
time="2024-08-27T16:47:20+05:00" level=info msg="read application configuration" func="BookHub/internal/config.GetConfig.func1()" file="config.go:33"
time="2024-08-27T16:47:20+05:00" level=info msg="start application" func="BookHub.(*Server).Run()" file="server.go:17"
time="2024-08-27T17:13:53+05:00" level=info msg="start application" func="BookHub/internal/application.Run()" file="app.go:16"
time="2024-08-27T17:13:53+05:00" level=info msg="read application configuration" func="BookHub/internal/config.GetConfig.func1()" file="config.go:33"
time="2024-08-27T17:13:53+05:00" level=fatal msg="error while connecting to database" func="BookHub/internal/application.Run()" file="app.go:21"
time="2024-08-27T17:14:12+05:00" level=info msg="start application" func="BookHub/internal/application.Run()" file="app.go:16"
time="2024-08-27T17:14:12+05:00" level=info msg="read application configuration" func="BookHub/internal/config.GetConfig.func1()" file="config.go:33"
time="2024-08-27T17:14:12+05:00" level=fatal msg="error while connecting to database" func="BookHub/internal/application.Run()" file="app.go:21"
time="2024-08-27T17:14:39+05:00" level=info msg="start application" func="BookHub/internal/application.Run()" file="app.go:16"
time="2024-08-27T17:14:39+05:00" level=info msg="read application configuration" func="BookHub/internal/config.GetConfig.func1()" file="config.go:33"
time="2024-08-27T17:14:39+05:00" level=info msg="start application" func="BookHub.(*Server).Run()" file="server.go:17"
time="2024-08-27T17:14:39+05:00" level=info msg="Error while starting application" func="BookHub/internal/application.Run()" file="app.go:28"
time="2024-08-27T17:16:37+05:00" level=info msg="start application" func="BookHub/internal/application.Run()" file="app.go:16"
time="2024-08-27T17:16:37+05:00" level=info msg="read application configuration" func="BookHub/internal/config.GetConfig.func1()" file="config.go:33"
time="2024-08-27T17:16:37+05:00" level=info msg="start application" func="BookHub.(*Server).Run()" file="server.go:17"
time="2024-08-27T17:16:37+05:00" level=info msg="Error while starting application" func="BookHub/internal/application.Run()" file="app.go:29"
time="2024-08-27T17:16:59+05:00" level=info msg="start application" func="BookHub/internal/application.Run()" file="app.go:16"
time="2024-08-27T17:16:59+05:00" level=info msg="read application configuration" func="BookHub/internal/config.GetConfig.func1()" file="config.go:33"
time="2024-08-27T17:16:59+05:00" level=info msg="start application" func="BookHub.(*Server).Run()" file="server.go:17"
time="2024-08-27T17:18:40+05:00" level=info msg="start application" func="BookHub/internal/application.Run()" file="app.go:16"
time="2024-08-27T17:18:40+05:00" level=info msg="read application configuration" func="BookHub/internal/config.GetConfig.func1()" file="config.go:33"
time="2024-08-27T17:18:40+05:00" level=info msg="start application" func="BookHub.(*Server).Run()" file="server.go:17"
time="2024-08-27T17:18:40+05:00" level=info msg="Error while starting application" func="BookHub/internal/application.Run()" file="app.go:29"
time="2024-08-27T17:18:55+05:00" level=info msg="start application" func="BookHub/internal/application.Run()" file="app.go:16"
time="2024-08-27T17:18:55+05:00" level=info msg="read application configuration" func="BookHub/internal/config.GetConfig.func1()" file="config.go:33"
time="2024-08-27T17:18:55+05:00" level=info msg="start application" func="BookHub.(*Server).Run()" file="server.go:17"
time="2024-08-27T17:21:33+05:00" level=info msg="start application" func="BookHub/internal/application.Run()" file="app.go:16"
time="2024-08-27T17:21:33+05:00" level=info msg="read application configuration" func="BookHub/internal/config.GetConfig.func1()" file="config.go:33"
time="2024-08-27T17:21:33+05:00" level=info msg="start application" func="BookHub.(*Server).Run()" file="server.go:17"
time="2024-08-27T17:21:33+05:00" level=info msg="Error while starting application" func="BookHub/internal/application.Run()" file="app.go:29"
time="2024-08-27T17:21:55+05:00" level=info msg="start application" func="BookHub/internal/application.Run()" file="app.go:16"
time="2024-08-27T17:21:55+05:00" level=info msg="read application configuration" func="BookHub/internal/config.GetConfig.func1()" file="config.go:33"
time="2024-08-27T17:21:55+05:00" level=info msg="start application" func="BookHub.(*Server).Run()" file="server.go:17"
time="2024-08-27T17:21:55+05:00" level=info msg="Error while starting application" func="BookHub/internal/application.Run()" file="app.go:29"
time="2024-08-27T17:22:06+05:00" level=info msg="start application" func="BookHub/internal/application.Run()" file="app.go:16"
time="2024-08-27T17:22:06+05:00" level=info msg="read application configuration" func="BookHub/internal/config.GetConfig.func1()" file="config.go:33"
time="2024-08-27T17:22:06+05:00" level=info msg="start application" func="BookHub.(*Server).Run()" file="server.go:17"
time="2024-08-27T17:26:58+05:00" level=info msg="start application" func="BookHub/internal/application.Run()" file="app.go:16"
time="2024-08-27T17:26:58+05:00" level=info msg="read application configuration" func="BookHub/internal/config.GetConfig.func1()" file="config.go:33"
time="2024-08-27T17:26:58+05:00" level=info msg="start application" func="BookHub.(*Server).Run()" file="server.go:17"
time="2024-08-27T17:26:58+05:00" level=info msg="Error while starting application" func="BookHub/internal/application.Run()" file="app.go:29"
time="2024-08-27T17:27:08+05:00" level=info msg="start application" func="BookHub/internal/application.Run()" file="app.go:16"
time="2024-08-27T17:27:08+05:00" level=info msg="read application configuration" func="BookHub/internal/config.GetConfig.func1()" file="config.go:33"
time="2024-08-27T17:27:08+05:00" level=info msg="start application" func="BookHub.(*Server).Run()" file="server.go:17"
time="2024-08-27T17:27:17+05:00" level=info msg="start application" func="BookHub/internal/application.Run()" file="app.go:16"
time="2024-08-27T17:27:17+05:00" level=info msg="read application configuration" func="BookHub/internal/config.GetConfig.func1()" file="config.go:33"
time="2024-08-27T17:27:17+05:00" level=info msg="start application" func="BookHub.(*Server).Run()" file="server.go:17"
time="2024-08-27T17:32:18+05:00" level=info msg="start application" func="BookHub/internal/application.Run()" file="app.go:16"
time="2024-08-27T17:32:18+05:00" level=info msg="read application configuration" func="BookHub/internal/config.GetConfig.func1()" file="config.go:33"
time="2024-08-27T17:32:18+05:00" level=info msg="start application" func="BookHub.(*Server).Run()" file="server.go:17"
time="2024-08-27T17:34:25+05:00" level=info msg="start application" func="BookHub/internal/application.Run()" file="app.go:16"
time="2024-08-27T17:34:25+05:00" level=info msg="read application configuration" func="BookHub/internal/config.GetConfig.func1()" file="config.go:33"
time="2024-08-27T17:34:25+05:00" level=info msg="start application" func="BookHub.(*Server).Run()" file="server.go:17"
time="2024-08-27T17:34:48+05:00" level=info msg="start application" func="BookHub/internal/application.Run()" file="app.go:16"
time="2024-08-27T17:34:48+05:00" level=info msg="read application configuration" func="BookHub/internal/config.GetConfig.func1()" file="config.go:33"
time="2024-08-27T17:34:48+05:00" level=info msg="start application" func="BookHub.(*Server).Run()" file="server.go:17"
time="2024-08-27T17:35:03+05:00" level=info msg="start application" func="BookHub/internal/application.Run()" file="app.go:16"
time="2024-08-27T17:35:03+05:00" level=info msg="read application configuration" func="BookHub/internal/config.GetConfig.func1()" file="config.go:33"
time="2024-08-27T17:35:03+05:00" level=info msg="start application" func="BookHub.(*Server).Run()" file="server.go:17"
time="2024-08-27T17:38:56+05:00" level=info msg="start application" func="BookHub/internal/application.Run()" file="app.go:16"
time="2024-08-27T17:38:56+05:00" level=info msg="read application configuration" func="BookHub/internal/config.GetConfig.func1()" file="config.go:33"
time="2024-08-27T17:38:56+05:00" level=info msg="start application" func="BookHub.(*Server).Run()" file="server.go:17"
time="2024-08-27T18:33:27+05:00" level=info msg="start application" func="BookHub/internal/application.Run()" file="app.go:16"
time="2024-08-27T18:33:27+05:00" level=info msg="read application configuration" func="BookHub/internal/config.GetConfig.func1()" file="config.go:33"
time="2024-08-27T18:34:18+05:00" level=info msg="start application" func="BookHub/internal/application.Run()" file="app.go:16"
time="2024-08-27T18:34:18+05:00" level=info msg="read application configuration" func="BookHub/internal/config.GetConfig.func1()" file="config.go:33"
time="2024-08-27T18:34:18+05:00" level=info msg="start application" func="BookHub.(*Server).Run()" file="server.go:17"
time="2024-08-27T18:37:58+05:00" level=info msg="start application" func="BookHub/internal/application.Run()" file="app.go:16"
time="2024-08-27T18:37:58+05:00" level=info msg="read application configuration" func="BookHub/internal/config.GetConfig.func1()" file="config.go:33"
time="2024-08-27T18:37:58+05:00" level=info msg="start application" func="BookHub.(*Server).Run()" file="server.go:17"
time="2024-08-27T18:41:06+05:00" level=info msg="start application" func="BookHub/internal/application.Run()" file="app.go:16"
time="2024-08-27T18:41:06+05:00" level=info msg="read application configuration" func="BookHub/internal/config.GetConfig.func1()" file="config.go:33"
time="2024-08-27T18:41:06+05:00" level=info msg="start application" func="BookHub.(*Server).Run()" file="server.go:17"
time="2024-08-27T18:43:24+05:00" level=info msg="start application" func="BookHub/internal/application.Run()" file="app.go:16"
time="2024-08-27T18:43:24+05:00" level=info msg="read application configuration" func="BookHub/internal/config.GetConfig.func1()" file="config.go:33"
time="2024-08-27T18:43:24+05:00" level=info msg="start application" func="BookHub.(*Server).Run()" file="server.go:17"
time="2024-08-27T18:45:05+05:00" level=info msg="start application" func="BookHub/internal/application.Run()" file="app.go:16"
time="2024-08-27T18:45:05+05:00" level=info msg="read application configuration" func="BookHub/internal/config.GetConfig.func1()" file="config.go:33"
time="2024-08-27T18:45:05+05:00" level=info msg="start application" func="BookHub.(*Server).Run()" file="server.go:17"
time="2024-08-27T18:47:14+05:00" level=info msg="start application" func="BookHub/internal/application.Run()" file="app.go:16"
time="2024-08-27T18:47:14+05:00" level=info msg="read application configuration" func="BookHub/internal/config.GetConfig.func1()" file="config.go:33"
time="2024-08-27T18:47:14+05:00" level=info msg="start application" func="BookHub.(*Server).Run()" file="server.go:17"
time="2024-08-27T18:48:51+05:00" level=info msg="start application" func="BookHub/internal/application.Run()" file="app.go:16"
time="2024-08-27T18:48:51+05:00" level=info msg="read application configuration" func="BookHub/internal/config.GetConfig.func1()" file="config.go:33"
time="2024-08-27T18:48:51+05:00" level=info msg="start application" func="BookHub.(*Server).Run()" file="server.go:17"
time="2024-08-27T18:49:58+05:00" level=info msg="start application" func="BookHub/internal/application.Run()" file="app.go:16"
time="2024-08-27T18:49:58+05:00" level=info msg="read application configuration" func="BookHub/internal/config.GetConfig.func1()" file="config.go:33"
time="2024-08-27T18:49:58+05:00" level=info msg="start application" func="BookHub.(*Server).Run()" file="server.go:17"
time="2024-08-27T18:51:29+05:00" level=info msg="start application" func="BookHub/internal/application.Run()" file="app.go:16"
time="2024-08-27T18:51:29+05:00" level=info msg="read application configuration" func="BookHub/internal/config.GetConfig.func1()" file="config.go:33"
time="2024-08-27T18:51:29+05:00" level=info msg="start application" func="BookHub.(*Server).Run()" file="server.go:17"
time="2024-08-27T18:53:39+05:00" level=info msg="start application" func="BookHub/internal/application.Run()" file="app.go:16"
time="2024-08-27T18:53:39+05:00" level=info msg="read application configuration" func="BookHub/internal/config.GetConfig.func1()" file="config.go:33"
time="2024-08-27T18:53:39+05:00" level=info msg="start application" func="BookHub.(*Server).Run()" file="server.go:17"
time="2024-08-27T18:59:07+05:00" level=info msg="start application" func="BookHub/internal/application.Run()" file="app.go:16"
time="2024-08-27T18:59:07+05:00" level=info msg="read application configuration" func="BookHub/internal/config.GetConfig.func1()" file="config.go:33"
time="2024-08-27T18:59:07+05:00" level=info msg="start application" func="BookHub.(*Server).Run()" file="server.go:17"
time="2024-08-27T18:59:27+05:00" level=info msg="start application" func="BookHub/internal/application.Run()" file="app.go:16"
time="2024-08-27T18:59:27+05:00" level=info msg="read application configuration" func="BookHub/internal/config.GetConfig.func1()" file="config.go:33"
time="2024-08-27T18:59:27+05:00" level=info msg="start application" func="BookHub.(*Server).Run()" file="server.go:17"
time="2024-08-27T19:00:34+05:00" level=info msg="start application" func="BookHub/internal/application.Run()" file="app.go:16"
time="2024-08-27T19:00:34+05:00" level=info msg="read application configuration" func="BookHub/internal/config.GetConfig.func1()" file="config.go:33"
time="2024-08-27T19:00:34+05:00" level=info msg="start application" func="BookHub.(*Server).Run()" file="server.go:17"
time="2024-08-27T19:02:03+05:00" level=info msg="start application" func="BookHub/internal/application.Run()" file="app.go:16"
time="2024-08-27T19:02:03+05:00" level=info msg="read application configuration" func="BookHub/internal/config.GetConfig.func1()" file="config.go:33"
time="2024-08-27T19:02:03+05:00" level=info msg="start application" func="BookHub.(*Server).Run()" file="server.go:17"
time="2024-08-27T19:04:42+05:00" level=info msg="start application" func="BookHub/internal/application.Run()" file="app.go:16"
time="2024-08-27T19:04:42+05:00" level=info msg="read application configuration" func="BookHub/internal/config.GetConfig.func1()" file="config.go:33"
time="2024-08-27T19:04:42+05:00" level=info msg="start application" func="BookHub.(*Server).Run()" file="server.go:17"
time="2024-08-27T19:05:20+05:00" level=info msg="start application" func="BookHub/internal/application.Run()" file="app.go:16"
time="2024-08-27T19:05:20+05:00" level=info msg="read application configuration" func="BookHub/internal/config.GetConfig.func1()" file="config.go:33"
time="2024-08-27T19:05:20+05:00" level=info msg="start application" func="BookHub.(*Server).Run()" file="server.go:17"
time="2024-08-27T19:06:03+05:00" level=info msg="start application" func="BookHub/internal/application.Run()" file="app.go:16"
time="2024-08-27T19:06:03+05:00" level=info msg="read application configuration" func="BookHub/internal/config.GetConfig.func1()" file="config.go:33"
time="2024-08-27T19:06:03+05:00" level=info msg="start application" func="BookHub.(*Server).Run()" file="server.go:17"
time="2024-08-28T13:48:22+05:00" level=info msg="start application" func="BookHub/internal/application.Run()" file="app.go:16"
time="2024-08-28T13:48:22+05:00" level=info msg="read application configuration" func="BookHub/internal/config.GetConfig.func1()" file="config.go:33"
time="2024-08-28T13:48:23+05:00" level=info msg="start application" func="BookHub.(*Server).Run()" file="server.go:17"
time="2024-08-28T13:49:18+05:00" level=info msg="start application" func="BookHub/internal/application.Run()" file="app.go:16"
time="2024-08-28T13:49:18+05:00" level=info msg="read application configuration" func="BookHub/internal/config.GetConfig.func1()" file="config.go:33"
time="2024-08-28T13:49:18+05:00" level=info msg="start application" func="BookHub.(*Server).Run()" file="server.go:17"
time="2024-08-28T13:50:41+05:00" level=info msg="start application" func="BookHub/internal/application.Run()" file="app.go:16"
time="2024-08-28T13:50:42+05:00" level=info msg="read application configuration" func="BookHub/internal/config.GetConfig.func1()" file="config.go:33"
time="2024-08-28T13:50:42+05:00" level=info msg="start application" func="BookHub.(*Server).Run()" file="server.go:17"
time="2024-08-28T13:53:13+05:00" level=info msg="start application" func="BookHub/internal/application.Run()" file="app.go:16"
time="2024-08-28T13:53:13+05:00" level=info msg="read application configuration" func="BookHub/internal/config.GetConfig.func1()" file="config.go:33"
time="2024-08-28T13:53:13+05:00" level=info msg="start application" func="BookHub.(*Server).Run()" file="server.go:17"
time="2024-08-28T13:56:00+05:00" level=info msg="start application" func="BookHub/internal/application.Run()" file="app.go:16"
time="2024-08-28T13:56:00+05:00" level=info msg="read application configuration" func="BookHub/internal/config.GetConfig.func1()" file="config.go:33"
time="2024-08-28T13:56:00+05:00" level=info msg="start application" func="BookHub.(*Server).Run()" file="server.go:17"
time="2024-08-28T13:57:33+05:00" level=info msg="start application" func="BookHub/internal/application.Run()" file="app.go:16"
time="2024-08-28T13:57:33+05:00" level=info msg="read application configuration" func="BookHub/internal/config.GetConfig.func1()" file="config.go:33"
time="2024-08-28T13:57:33+05:00" level=info msg="start application" func="BookHub.(*Server).Run()" file="server.go:17"
time="2024-08-28T13:58:00+05:00" level=info msg="start application" func="BookHub/internal/application.Run()" file="app.go:16"
time="2024-08-28T13:58:00+05:00" level=info msg="read application configuration" func="BookHub/internal/config.GetConfig.func1()" file="config.go:33"
time="2024-08-28T13:58:00+05:00" level=info msg="start application" func="BookHub.(*Server).Run()" file="server.go:17"
time="2024-08-28T13:59:15+05:00" level=info msg="start application" func="BookHub/internal/application.Run()" file="app.go:16"
time="2024-08-28T13:59:15+05:00" level=info msg="read application configuration" func="BookHub/internal/config.GetConfig.func1()" file="config.go:33"
time="2024-08-28T13:59:15+05:00" level=info msg="start application" func="BookHub.(*Server).Run()" file="server.go:17"
time="2024-08-28T14:08:30+05:00" level=info msg="start application" func="BookHub/internal/application.Run()" file="app.go:16"
time="2024-08-28T14:08:30+05:00" level=info msg="read application configuration" func="BookHub/internal/config.GetConfig.func1()" file="config.go:33"
time="2024-08-28T14:08:30+05:00" level=info msg="start application" func="BookHub.(*Server).Run()" file="server.go:17"
time="2024-08-28T14:09:52+05:00" level=info msg="start application" func="BookHub/internal/application.Run()" file="app.go:16"
time="2024-08-28T14:09:52+05:00" level=info msg="read application configuration" func="BookHub/internal/config.GetConfig.func1()" file="config.go:33"
time="2024-08-28T14:09:52+05:00" level=info msg="start application" func="BookHub.(*Server).Run()" file="server.go:17"
time="2024-08-28T14:10:38+05:00" level=info msg="start application" func="BookHub/internal/application.Run()" file="app.go:16"
time="2024-08-28T14:10:38+05:00" level=info msg="read application configuration" func="BookHub/internal/config.GetConfig.func1()" file="config.go:33"
time="2024-08-28T14:10:38+05:00" level=info msg="start application" func="BookHub.(*Server).Run()" file="server.go:17"
time="2024-08-28T14:13:30+05:00" level=info msg="start application" func="BookHub/internal/application.Run()" file="app.go:16"
time="2024-08-28T14:13:30+05:00" level=info msg="read application configuration" func="BookHub/internal/config.GetConfig.func1()" file="config.go:33"
time="2024-08-28T14:13:30+05:00" level=info msg="start application" func="BookHub.(*Server).Run()" file="server.go:17"
time="2024-08-28T14:14:48+05:00" level=info msg="start application" func="BookHub/internal/application.Run()" file="app.go:16"
time="2024-08-28T14:14:48+05:00" level=info msg="read application configuration" func="BookHub/internal/config.GetConfig.func1()" file="config.go:33"
time="2024-08-28T14:14:48+05:00" level=info msg="start application" func="BookHub.(*Server).Run()" file="server.go:17"
